2026-05-12 19:08:45,410 INFO {
    "batch_size": 2,
    "beta": 1.0,
    "code_dim": 16,
    "column": "glucose",
    "commit": 0.001,
    "dataname": "household",
    "datasets_dir": "/Users/zhc/Documents/Time_Series_Datasets",
    "depth": 3,
    "device": "cpu",
    "dilation_growth_rate": 3,
    "down_t": 2,
    "eval_iter": 999999,
    "exp_name": "VQVAE64",
    "gamma": 0.05,
    "gpu": "0",
    "input_emb_width": null,
    "lr": 0.0001,
    "lr_scheduler": [
        200000
    ],
    "mu": 0.99,
    "nb_code": 32,
    "out_dir": "./output/output_household/VQVAE64",
    "print_iter": 1,
    "quantizer": "ema_reset_sim",
    "recon": 1.0,
    "rel_path": "HouseHold_6.csv",
    "rel_path_test": null,
    "rel_path_train": null,
    "rel_path_valid": null,
    "resume_gpt": null,
    "resume_pth": null,
    "seed": 123,
    "skip_eval": true,
    "stride": 10,
    "stride_t": 2,
    "total_iter": 1,
    "ts_stride": 10,
    "vq_act": "relu",
    "vq_norm": null,
    "warm_up_iter": 0,
    "weight_decay": 0.0,
    "width": 32,
    "window_size": 64,
    "window_stride": 10
}
2026-05-12 19:08:45,410 INFO Training on household
2026-05-12 19:08:45,411 INFO Using device: cpu
2026-05-12 19:09:08,356 INFO {
    "batch_size": 2,
    "beta": 1.0,
    "code_dim": 16,
    "column": "glucose",
    "commit": 0.001,
    "dataname": "household",
    "datasets_dir": "/Users/zhc/Documents/Time_Series_Datasets",
    "depth": 3,
    "device": "cpu",
    "dilation_growth_rate": 3,
    "down_t": 2,
    "eval_iter": 999999,
    "exp_name": "VQVAE64",
    "gamma": 0.05,
    "gpu": "0",
    "input_emb_width": null,
    "lr": 0.0001,
    "lr_scheduler": [
        200000
    ],
    "mu": 0.99,
    "nb_code": 32,
    "out_dir": "./output/output_household/VQVAE64",
    "print_iter": 1,
    "quantizer": "ema_reset_sim",
    "recon": 1.0,
    "rel_path": "HouseHold_6.csv",
    "rel_path_test": null,
    "rel_path_train": null,
    "rel_path_valid": null,
    "resume_gpt": null,
    "resume_pth": null,
    "seed": 123,
    "skip_eval": true,
    "stride": 10,
    "stride_t": 2,
    "total_iter": 1,
    "ts_stride": 10,
    "vq_act": "relu",
    "vq_norm": null,
    "warm_up_iter": 0,
    "weight_decay": 0.0,
    "width": 32,
    "window_size": 64,
    "window_stride": 10
}
2026-05-12 19:09:08,356 INFO Training on household
2026-05-12 19:09:08,356 INFO Using device: cpu
2026-05-12 19:09:08,456 INFO Input channels: 6
2026-05-12 19:09:09,030 INFO Train. Iter 1 : 	 Commit. 0.00000000 	 PPL. 32.00 	 Recons.  0.46646604
2026-05-12 19:09:09,035 INFO Train. Iter 0 : , MAE. 99999.0000, MSE. 99999.000000
2026-05-12 19:09:35,364 INFO {
    "batch_size": 2,
    "beta": 1.0,
    "code_dim": 16,
    "column": "glucose",
    "commit": 0.001,
    "dataname": "household",
    "datasets_dir": "/Users/zhc/Documents/Time_Series_Datasets",
    "depth": 3,
    "device": "cpu",
    "dilation_growth_rate": 3,
    "down_t": 2,
    "eval_iter": 999999,
    "exp_name": "VQVAE64",
    "gamma": 0.05,
    "gpu": "0",
    "input_emb_width": null,
    "lr": 0.0001,
    "lr_scheduler": [
        200000
    ],
    "mu": 0.99,
    "nb_code": 32,
    "out_dir": "./output/output_household/VQVAE64",
    "print_iter": 1,
    "quantizer": "ema_reset_sim",
    "recon": 1.0,
    "rel_path": "HouseHold_6.csv",
    "rel_path_test": null,
    "rel_path_train": null,
    "rel_path_valid": null,
    "resume_gpt": null,
    "resume_pth": null,
    "seed": 123,
    "skip_eval": true,
    "stride": 10,
    "stride_t": 2,
    "total_iter": 1,
    "ts_stride": 10,
    "vq_act": "relu",
    "vq_norm": null,
    "warm_up_iter": 0,
    "weight_decay": 0.0,
    "width": 32,
    "window_size": 64,
    "window_stride": 10
}
2026-05-12 19:09:35,364 INFO Training on household
2026-05-12 19:09:35,365 INFO Using device: cpu
2026-05-12 19:09:35,467 INFO Input channels: 6
2026-05-12 19:09:35,812 INFO Train. Iter 1 : 	 Commit. 0.00000000 	 PPL. 32.00 	 Recons.  0.46646604
2026-05-12 19:09:35,816 INFO Train. Iter 0 : , MAE. 99999.0000, MSE. 99999.000000
2026-05-12 19:10:16,935 INFO {
    "batch_size": 2,
    "beta": 1.0,
    "code_dim": 16,
    "column": "glucose",
    "commit": 0.001,
    "dataname": "household",
    "datasets_dir": "/Users/zhc/Documents/Time_Series_Datasets",
    "depth": 3,
    "device": "cpu",
    "dilation_growth_rate": 3,
    "down_t": 2,
    "eval_iter": 999999,
    "exp_name": "VQVAE64",
    "gamma": 0.05,
    "gpu": "0",
    "input_emb_width": null,
    "lr": 0.0001,
    "lr_scheduler": [
        200000
    ],
    "mu": 0.99,
    "nb_code": 32,
    "out_dir": "./output/output_household/VQVAE64",
    "print_iter": 1,
    "quantizer": "ema_reset_sim",
    "recon": 1.0,
    "rel_path": "HouseHold_6.csv",
    "rel_path_test": null,
    "rel_path_train": null,
    "rel_path_valid": null,
    "resume_gpt": null,
    "resume_pth": null,
    "seed": 123,
    "skip_eval": true,
    "stride": 10,
    "stride_t": 2,
    "total_iter": 1,
    "ts_stride": 10,
    "vq_act": "relu",
    "vq_norm": null,
    "warm_up_iter": 0,
    "weight_decay": 0.0,
    "width": 32,
    "window_size": 64,
    "window_stride": 10
}
2026-05-12 19:10:16,936 INFO Training on household
2026-05-12 19:10:16,936 INFO Using device: cpu
2026-05-12 19:10:17,035 INFO Input channels: 6
2026-05-12 19:10:17,378 INFO Train. Iter 1 : 	 Commit. 0.00000000 	 PPL. 32.00 	 Recons.  0.46646604
2026-05-12 19:10:17,382 INFO Train. Iter 0 : , MAE. 99999.0000, MSE. 99999.000000
2026-05-12 19:20:37,306 INFO {
    "batch_size": 2,
    "beta": 1.0,
    "code_dim": 16,
    "column": "glucose",
    "commit": 0.001,
    "dataname": "household",
    "datasets_dir": "/Users/zhc/Documents/Time_Series_Datasets",
    "depth": 3,
    "device": "cpu",
    "dilation_growth_rate": 3,
    "down_t": 2,
    "eval_iter": 999999,
    "exp_name": "VQVAE64",
    "gamma": 0.05,
    "gpu": "0",
    "input_emb_width": null,
    "lr": 0.0001,
    "lr_scheduler": [
        200000
    ],
    "mu": 0.99,
    "nb_code": 32,
    "out_dir": "./output/output_household/VQVAE64",
    "print_iter": 1,
    "quantizer": "ema_reset_sim",
    "recon": 1.0,
    "rel_path": "HouseHold_6.csv",
    "rel_path_test": null,
    "rel_path_train": null,
    "rel_path_valid": null,
    "resume_gpt": null,
    "resume_pth": null,
    "seed": 123,
    "skip_eval": true,
    "stride": 10,
    "stride_t": 2,
    "total_iter": 1,
    "ts_stride": 10,
    "vq_act": "relu",
    "vq_norm": null,
    "warm_up_iter": 0,
    "weight_decay": 0.0,
    "width": 32,
    "window_size": 64,
    "window_stride": 10
}
2026-05-12 19:20:37,306 INFO Training on household
2026-05-12 19:20:37,307 INFO Using device: cpu
2026-05-12 19:20:37,406 INFO Input channels: 6
2026-05-12 19:20:37,747 INFO Train. Iter 1 : 	 Commit. 0.00000000 	 PPL. 32.00 	 Recons.  0.46646604
2026-05-12 19:20:37,753 INFO Train. Iter 0 : , MAE. 99999.0000, MSE. 99999.000000
2026-05-12 20:18:59,186 INFO {
    "batch_size": 2,
    "beta": 1.0,
    "code_dim": 16,
    "column": "glucose",
    "commit": 0.001,
    "dataname": "household",
    "datasets_dir": "/Users/zhc/Documents/Time_Series_Datasets",
    "depth": 3,
    "device": "cpu",
    "dilation_growth_rate": 3,
    "down_t": 2,
    "eval_iter": 999999,
    "exp_name": "VQVAE64",
    "gamma": 0.05,
    "gpu": "0",
    "input_emb_width": null,
    "lr": 0.0001,
    "lr_scheduler": [
        200000
    ],
    "mu": 0.99,
    "nb_code": 32,
    "out_dir": "./output/output_household/VQVAE64",
    "print_iter": 1,
    "quantizer": "ema_reset_sim",
    "recon": 1.0,
    "rel_path": "HouseHold_6.csv",
    "rel_path_test": null,
    "rel_path_train": null,
    "rel_path_valid": null,
    "resume_gpt": null,
    "resume_pth": null,
    "seed": 123,
    "skip_eval": true,
    "stride": 10,
    "stride_t": 2,
    "total_iter": 1,
    "ts_stride": 10,
    "vq_act": "relu",
    "vq_norm": null,
    "warm_up_iter": 0,
    "weight_decay": 0.0,
    "width": 32,
    "window_size": 64,
    "window_stride": 10
}
2026-05-12 20:18:59,187 INFO Training on household
2026-05-12 20:18:59,187 INFO Using device: cpu
2026-05-12 20:18:59,312 INFO Input channels: 6
2026-05-12 20:18:59,317 INFO VQ-VAE parameters: total=71,798 (0.072M), trainable=71,798 (0.072M)
2026-05-12 20:18:59,843 INFO Train. Iter 1 : 	 Commit. 0.00000000 	 PPL. 32.00 	 Recons.  0.46646604
2026-05-12 20:18:59,849 INFO Train. Iter 0 : , MAE. 99999.0000, MSE. 99999.000000
